01-04-2026 19:43:25.41 - INFO - Started validation of input parameters...
01-04-2026 19:43:25.42 - INFO - Completed validation of input parameters
01-04-2026 19:43:25.42 - INFO - Started handling of duplicates... Method: "AUTO"
01-04-2026 19:43:25.42 - DEBUG - Deletion of 1 duplicate(s) succeeded
01-04-2026 19:43:25.42 - INFO - Completed handling of duplicates in 0.004308 seconds
01-04-2026 19:43:25.42 - INFO - Started handling of missing values...
01-04-2026 19:43:25.42 - DEBUG - 0 missing values found
01-04-2026 19:43:25.42 - INFO - Completed handling of missing values in 0.001483 seconds
01-04-2026 19:43:25.42 - INFO - Started handling of outliers... Method: "WINZ"
01-04-2026 19:43:25.44 - DEBUG - Outlier imputation of 9 value(s) succeeded for feature "bmi"
01-04-2026 19:43:25.57 - DEBUG - Outlier imputation of 139 value(s) succeeded for feature "charges"
01-04-2026 19:43:25.57 - INFO - Completed handling of outliers in 0.151439 seconds
01-04-2026 19:43:25.57 - INFO - Started conversion of DATETIME features... Granularity: s
01-04-2026 19:43:25.58 - INFO - Completed conversion of DATETIME features in 0.0023 seconds
01-04-2026 19:43:25.58 - INFO - Started encoding categorical features... Method: "AUTO"
01-04-2026 19:43:25.58 - DEBUG - Encoding to ONEHOT succeeded for feature "sex"
01-04-2026 19:43:25.59 - DEBUG - Encoding to ONEHOT succeeded for feature "smoker"
01-04-2026 19:43:25.59 - DEBUG - Encoding to ONEHOT succeeded for feature "region"
01-04-2026 19:43:25.59 - INFO - Completed encoding of categorical features in 0.013049 seconds
01-04-2026 19:43:25.59 - INFO - Started feature type conversion...
01-04-2026 19:43:25.59 - DEBUG - Conversion to type INT succeeded for feature "age"
01-04-2026 19:43:25.59 - DEBUG - Conversion to type FLOAT succeeded for feature "bmi"
01-04-2026 19:43:25.59 - DEBUG - Conversion to type INT succeeded for feature "children"
01-04-2026 19:43:25.59 - DEBUG - Conversion to type FLOAT succeeded for feature "charges"
01-04-2026 19:43:25.59 - INFO - Completed feature type conversion for 4 feature(s) in 0.006823 seconds
01-04-2026 19:43:25.59 - INFO - AutoClean process completed in 0.186403 seconds
